<?xml version="1.0" encoding="UTF-8"?>
<!-- Generated by org.testng.reporters.JUnitReportReporter -->
<testsuite hostname="DESKTOP-28161K9" failures="0" tests="1" name="MakeMyTrip.Test.LaunchWeb" time="14.790" errors="0" timestamp="2023-02-20T00:30:12 IST" skipped="0">
  <testcase classname="MakeMyTrip.Test.LaunchWeb" name="openurl" time="14.790"/>
  <system-out/>
</testsuite> <!-- MakeMyTrip.Test.LaunchWeb -->
