<?xml version="1.0" encoding="UTF-8"?>
<!-- Generated by org.testng.reporters.JUnitReportReporter -->
<testsuite hostname="DESKTOP-28161K9" failures="0" tests="1" name="MakeMyTrip.Test.HomePageTest" time="37.825" errors="0" timestamp="2023-02-20T00:30:12 IST" skipped="0">
  <testcase classname="MakeMyTrip.Test.HomePageTest" name="homepageTest" time="37.825"/>
  <system-out/>
</testsuite> <!-- MakeMyTrip.Test.HomePageTest -->
